#
# There is insufficient memory for the Java Runtime Environment to continue.
# Native memory allocation (mmap) failed to map 132120576 bytes for G1 virtual space
# Possible reasons:
#   The system is out of physical RAM or swap space
#   The process is running with CompressedOops enabled, and the Java Heap may be blocking the growth of the native heap
# Possible solutions:
#   Reduce memory load on the system
#   Increase physical memory or swap space
#   Check if swap backing store is full
#   Decrease Java heap size (-Xmx/-Xms)
#   Decrease number of Java threads
#   Decrease Java thread stack sizes (-Xss)
#   Set larger code cache with -XX:ReservedCodeCacheSize=
#   JVM is running with Unscaled Compressed Oops mode in which the Java heap is
#     placed in the first 4GB address space. The Java Heap base address is the
#     maximum limit for the native heap growth. Please use -XX:HeapBaseMinAddress
#     to set the Java Heap base and to place the Java Heap above 4GB virtual address.
# This output file may be truncated or incomplete.
#
#  Out of Memory Error (os_windows.cpp:3559), pid=26340, tid=27052
#
# JRE version:  (17.0.7+7) (build )
# Java VM: OpenJDK 64-Bit Server VM (17.0.7+7, mixed mode, sharing, tiered, compressed oops, compressed class ptrs, g1 gc, windows-amd64)
# No core dump will be written. Minidumps are not enabled by default on client versions of Windows
#

---------------  S U M M A R Y ------------

Command Line: -Dfile.encoding=UTF-8 -XX:+ShowCodeDetailsInExceptionMessages employeManagement.Splash

Host: Intel(R) Core(TM) i5-10300H CPU @ 2.50GHz, 8 cores, 7G,  Windows 11 , 64 bit Build 22000 (10.0.22000.2003)
Time: Sun Dec  3 22:39:34 2023 India Standard Time elapsed time: 0.023420 seconds (0d 0h 0m 0s)

---------------  T H R E A D  ---------------

Current thread (0x00000208c657c140):  JavaThread "Unknown thread" [_thread_in_vm, id=27052, stack(0x0000005b00500000,0x0000005b00600000)]

Stack: [0x0000005b00500000,0x0000005b00600000]
Native frames: (J=compiled Java code, j=interpreted, Vv=VM code, C=native code)
V  [jvm.dll+0x67754a]
V  [jvm.dll+0x834304]
V  [jvm.dll+0x835aae]
V  [jvm.dll+0x836113]
V  [jvm.dll+0x24696f]
V  [jvm.dll+0x6743f9]
V  [jvm.dll+0x668c8a]
V  [jvm.dll+0x3061bb]
V  [jvm.dll+0x30d6a6]
V  [jvm.dll+0x35cece]
V  [jvm.dll+0x35d0ff]
V  [jvm.dll+0x2dd048]
V  [jvm.dll+0x2ddfb4]
V  [jvm.dll+0x8066d1]
V  [jvm.dll+0x36ac91]
V  [jvm.dll+0x7e5cec]
V  [jvm.dll+0x3ed56f]
V  [jvm.dll+0x3ef0a1]
C  [jli.dll+0x528b]
C  [ucrtbase.dll+0x26c0c]
C  [KERNEL32.DLL+0x155a0]
C  [ntdll.dll+0x485b]


---------------  P R O C E S S  ---------------

Threads class SMR info:
_java_thread_list=0x00007ffbe44e7018, length=0, elements={
}

Java Threads: ( => current thread )

Other Threads:
  0x00000208c65d7c30 GCTaskThread "GC Thread#0" [stack: 0x0000005b00600000,0x0000005b00700000] [id=24864]
  0x00000208c65e9070 ConcurrentGCThread "G1 Main Marker" [stack: 0x0000005b00700000,0x0000005b00800000] [id=20212]
  0x00000208c65eaa90 ConcurrentGCThread "G1 Conc#0" [stack: 0x0000005b00800000,0x0000005b00900000] [id=24748]

[error occurred during error reporting (printing all threads), id 0xc0000005, EXCEPTION_ACCESS_VIOLATION (0xc0000005) at pc=0x00007ffbe3cbdaf7]

VM state: not at safepoint (not fully initialized)

VM Mutex/Monitor currently owned by a thread:  ([mutex/lock_event])
[0x00000208c6576de0] Heap_lock - owner thread: 0x00000208c657c140

Heap address: 0x0000000082000000, size: 2016 MB, Compressed Oops mode: 32-bit

CDS archive(s) mapped at: [0x0000000000000000-0x0000000000000000-0x0000000000000000), size 0, SharedBaseAddress: 0x0000000800000000, ArchiveRelocationMode: 0.
Narrow klass base: 0x0000000000000000, Narrow klass shift: 0, Narrow klass range: 0x0

GC Precious Log:
<Empty>

Heap:
 garbage-first heap   total 0K, used 0K [0x0000000082000000, 0x0000000100000000)
  region size 1024K, 0 young (0K), 0 survivors (0K)

[error occurred during error reporting (printing heap information), id 0xc0000005, EXCEPTION_ACCESS_VIOLATION (0xc0000005) at pc=0x00007ffbe40a0db9]

GC Heap History (0 events):
No events

Dll operation events (1 events):
Event: 0.012 Loaded shared library C:\Users\Gourav\.p2\pool\plugins\org.eclipse.justj.openjdk.hotspot.jre.full.win32.x86_64_17.0.7.v20230425-1502\jre\bin\java.dll

Deoptimization events (0 events):
No events

Classes unloaded (0 events):
No events

Classes redefined (0 events):
No events

Internal exceptions (0 events):
No events

VM Operations (0 events):
No events

Events (0 events):
No events


Dynamic libraries:
0x00007ff726160000 - 0x00007ff72616e000 	C:\Users\Gourav\.p2\pool\plugins\org.eclipse.justj.openjdk.hotspot.jre.full.win32.x86_64_17.0.7.v20230425-1502\jre\bin\javaw.exe
0x00007ffcacca0000 - 0x00007ffcacea9000 	C:\WINDOWS\SYSTEM32\ntdll.dll
0x00007ffcac0a0000 - 0x00007ffcac15e000 	C:\WINDOWS\System32\KERNEL32.DLL
0x00007ffcaa5d0000 - 0x00007ffcaa954000 	C:\WINDOWS\System32\KERNELBASE.dll
0x00007ffcaa3a0000 - 0x00007ffcaa4b1000 	C:\WINDOWS\System32\ucrtbase.dll
0x00007ffc821e0000 - 0x00007ffc821f7000 	C:\Users\Gourav\.p2\pool\plugins\org.eclipse.justj.openjdk.hotspot.jre.full.win32.x86_64_17.0.7.v20230425-1502\jre\bin\jli.dll
0x00007ffc8c040000 - 0x00007ffc8c059000 	C:\Users\Gourav\.p2\pool\plugins\org.eclipse.justj.openjdk.hotspot.jre.full.win32.x86_64_17.0.7.v20230425-1502\jre\bin\VCRUNTIME140.dll
0x00007ffcab3e0000 - 0x00007ffcab58d000 	C:\WINDOWS\System32\USER32.dll
0x00007ffc92730000 - 0x00007ffc929d5000 	C:\WINDOWS\WinSxS\amd64_microsoft.windows.common-controls_6595b64144ccf1df_6.0.22000.120_none_9d947278b86cc467\COMCTL32.dll
0x00007ffcaa2b0000 - 0x00007ffcaa2d6000 	C:\WINDOWS\System32\win32u.dll
0x00007ffcac500000 - 0x00007ffcac5a3000 	C:\WINDOWS\System32\msvcrt.dll
0x00007ffcaab10000 - 0x00007ffcaab3a000 	C:\WINDOWS\System32\GDI32.dll
0x00007ffcaa9e0000 - 0x00007ffcaaaff000 	C:\WINDOWS\System32\gdi32full.dll
0x00007ffcaa530000 - 0x00007ffcaa5cd000 	C:\WINDOWS\System32\msvcp_win.dll
0x00007ffcaab40000 - 0x00007ffcaab71000 	C:\WINDOWS\System32\IMM32.DLL
0x00007ffc95d30000 - 0x00007ffc95d3c000 	C:\Users\Gourav\.p2\pool\plugins\org.eclipse.justj.openjdk.hotspot.jre.full.win32.x86_64_17.0.7.v20230425-1502\jre\bin\vcruntime140_1.dll
0x00007ffc7fb40000 - 0x00007ffc7fbd1000 	C:\Users\Gourav\.p2\pool\plugins\org.eclipse.justj.openjdk.hotspot.jre.full.win32.x86_64_17.0.7.v20230425-1502\jre\bin\msvcp140.dll
0x00007ffbe39d0000 - 0x00007ffbe4618000 	C:\Users\Gourav\.p2\pool\plugins\org.eclipse.justj.openjdk.hotspot.jre.full.win32.x86_64_17.0.7.v20230425-1502\jre\bin\server\jvm.dll
0x00007ffcacbb0000 - 0x00007ffcacc5f000 	C:\WINDOWS\System32\ADVAPI32.dll
0x00007ffcac750000 - 0x00007ffcac7ee000 	C:\WINDOWS\System32\sechost.dll
0x00007ffcab220000 - 0x00007ffcab341000 	C:\WINDOWS\System32\RPCRT4.dll
0x00007ffca2fd0000 - 0x00007ffca3003000 	C:\WINDOWS\SYSTEM32\WINMM.dll
0x00007ffc9ee80000 - 0x00007ffc9ee8a000 	C:\WINDOWS\SYSTEM32\VERSION.dll
0x00007ffbf3180000 - 0x00007ffbf3189000 	C:\WINDOWS\SYSTEM32\WSOCK32.dll
0x00007ffcacb40000 - 0x00007ffcacbaf000 	C:\WINDOWS\System32\WS2_32.dll
0x00007ffca92a0000 - 0x00007ffca92b8000 	C:\WINDOWS\SYSTEM32\kernel.appcore.dll
0x00007ffca5080000 - 0x00007ffca508a000 	C:\Users\Gourav\.p2\pool\plugins\org.eclipse.justj.openjdk.hotspot.jre.full.win32.x86_64_17.0.7.v20230425-1502\jre\bin\jimage.dll
0x00007ffca7c80000 - 0x00007ffca7ea1000 	C:\WINDOWS\SYSTEM32\DBGHELP.DLL
0x00007ffc8b8d0000 - 0x00007ffc8b901000 	C:\WINDOWS\SYSTEM32\dbgcore.DLL
0x00007ffcaa960000 - 0x00007ffcaa9df000 	C:\WINDOWS\System32\bcryptPrimitives.dll
0x00007ffc960b0000 - 0x00007ffc960d5000 	C:\Users\Gourav\.p2\pool\plugins\org.eclipse.justj.openjdk.hotspot.jre.full.win32.x86_64_17.0.7.v20230425-1502\jre\bin\java.dll

dbghelp: loaded successfully - version: 4.0.5 - missing functions: none
symbol engine: initialized successfully - sym options: 0x614 - pdb path: .;C:\Users\Gourav\.p2\pool\plugins\org.eclipse.justj.openjdk.hotspot.jre.full.win32.x86_64_17.0.7.v20230425-1502\jre\bin;C:\WINDOWS\SYSTEM32;C:\WINDOWS\WinSxS\amd64_microsoft.windows.common-controls_6595b64144ccf1df_6.0.22000.120_none_9d947278b86cc467;C:\Users\Gourav\.p2\pool\plugins\org.eclipse.justj.openjdk.hotspot.jre.full.win32.x86_64_17.0.7.v20230425-1502\jre\bin\server

VM Arguments:
jvm_args: -Dfile.encoding=UTF-8 -XX:+ShowCodeDetailsInExceptionMessages 
java_command: employeManagement.Splash
java_class_path (initial): C:\Users\Gourav\eclipse-workspace\Employe_Management_System\bin
Launcher Type: SUN_STANDARD

[Global flags]
     intx CICompilerCount                          = 4                                         {product} {ergonomic}
     uint ConcGCThreads                            = 2                                         {product} {ergonomic}
     uint G1ConcRefinementThreads                  = 8                                         {product} {ergonomic}
   size_t G1HeapRegionSize                         = 1048576                                   {product} {ergonomic}
    uintx GCDrainStackTargetSize                   = 64                                        {product} {ergonomic}
   size_t InitialHeapSize                          = 132120576                                 {product} {ergonomic}
   size_t MarkStackSize                            = 4194304                                   {product} {ergonomic}
   size_t MaxHeapSize                              = 2113929216                                {product} {ergonomic}
   size_t MinHeapDeltaBytes                        = 1048576                                   {product} {ergonomic}
   size_t MinHeapSize                              = 8388608                                   {product} {ergonomic}
    uintx NonNMethodCodeHeapSize                   = 5839372                                {pd product} {ergonomic}
    uintx NonProfiledCodeHeapSize                  = 122909434                              {pd product} {ergonomic}
    uintx ProfiledCodeHeapSize                     = 122909434                              {pd product} {ergonomic}
    uintx ReservedCodeCacheSize                    = 251658240                              {pd product} {ergonomic}
     bool SegmentedCodeCache                       = true                                      {product} {ergonomic}
     bool ShowCodeDetailsInExceptionMessages       = true                                   {manageable} {command line}
   size_t SoftMaxHeapSize                          = 2113929216                             {manageable} {ergonomic}
     bool UseCompressedClassPointers               = true                           {product lp64_product} {ergonomic}
     bool UseCompressedOops                        = true                           {product lp64_product} {ergonomic}
     bool UseG1GC                                  = true                                      {product} {ergonomic}
     bool UseLargePagesIndividualAllocation        = false                                  {pd product} {ergonomic}

Logging:
Log output configuration:
 #0: stdout all=warning uptime,level,tags
 #1: stderr all=off uptime,level,tags

Environment Variables:
PATH=C:/Users/Gourav/.p2/pool/plugins/org.eclipse.justj.openjdk.hotspot.jre.full.win32.x86_64_17.0.7.v20230425-1502/jre/bin/server;C:/Users/Gourav/.p2/pool/plugins/org.eclipse.justj.openjdk.hotspot.jre.full.win32.x86_64_17.0.7.v20230425-1502/jre/bin;C:\Python312\Scripts\;C:\Python312\;D:\python\Scripts\;D:\python\;C:\Program Files\Common Files\Oracle\Java\javapath;C:\Windows\system32;C:\Windows;C:\Windows\System32\Wbem;C:\Windows\System32\WindowsPowerShell\v1.0\;C:\Windows\System32\OpenSSH\;C:\Program Files (x86)\NVIDIA Corporation\PhysX\Common;C:\Program Files\NVIDIA Corporation\NVIDIA NvDLISR;C:\WINDOWS\system32;C:\WINDOWS;C:\WINDOWS\System32\Wbem;C:\WINDOWS\System32\WindowsPowerShell\v1.0\;C:\WINDOWS\System32\OpenSSH\;C:\Program Files\Git\cmd;C:\Program Files\Git\mingw64\bin;C:\Program Files\Git\usr\bin;C:\Program Files\Java\jdk-20\bin;C:\Program Files\nodejs\Nodejs\;C:\ProgramData\chocolatey\bin;C:\Program Files\MySQL\MySQL Shell 8.0\bin\;C:\Users\Gourav\AppData\Local\Microsoft\WindowsApps;C:\Users\Gourav\AppData\Local\Programs\Microsoft VS Code\bin;C:\Users\Gourav\AppData\Roaming\Microsoft\Windows\Start Menu\Programs\Python 3.10;D:\python;C:\Users\Gourav\AppData\Roaming\npm;C:\Users\Gourav\eclipse\jee-2023-06\eclipse;
USERNAME=Gourav
OS=Windows_NT
PROCESSOR_IDENTIFIER=Intel64 Family 6 Model 165 Stepping 2, GenuineIntel
TMP=C:\Users\Gourav\AppData\Local\Temp
TEMP=C:\Users\Gourav\AppData\Local\Temp



---------------  S Y S T E M  ---------------

OS:
 Windows 11 , 64 bit Build 22000 (10.0.22000.2003)
OS uptime: 0 days 10:58 hours

CPU: total 8 (initial active 8) (4 cores per cpu, 2 threads per core) family 6 model 165 stepping 2 microcode 0xea, cx8, cmov, fxsr, ht, mmx, 3dnowpref, sse, sse2, sse3, ssse3, sse4.1, sse4.2, popcnt, lzcnt, tsc, tscinvbit, avx, avx2, aes, erms, clmul, bmi1, bmi2, adx, fma, vzeroupper, clflush, clflushopt

Memory: 4k page, system-wide physical 8059M (293M free)
TotalPageFile size 32635M (AvailPageFile size 127M)
current process WorkingSet (physical memory assigned to process): 11M, peak: 11M
current process commit charge ("private bytes"): 60M, peak: 186M

vm_info: OpenJDK 64-Bit Server VM (17.0.7+7) for windows-amd64 JRE (17.0.7+7), built on Apr 18 2023 22:10:42 by "temurin" with MS VC++ 16.7 (VS2019)

END.
