#
# There is insufficient memory for the Java Runtime Environment to continue.
# Native memory allocation (mmap) failed to map 65536 bytes for Failed to commit metaspace.
# Possible reasons:
#   The system is out of physical RAM or swap space
#   The process is running with CompressedOops enabled, and the Java Heap may be blocking the growth of the native heap
# Possible solutions:
#   Reduce memory load on the system
#   Increase physical memory or swap space
#   Check if swap backing store is full
#   Decrease Java heap size (-Xmx/-Xms)
#   Decrease number of Java threads
#   Decrease Java thread stack sizes (-Xss)
#   Set larger code cache with -XX:ReservedCodeCacheSize=
#   JVM is running with Unscaled Compressed Oops mode in which the Java heap is
#     placed in the first 4GB address space. The Java Heap base address is the
#     maximum limit for the native heap growth. Please use -XX:HeapBaseMinAddress
#     to set the Java Heap base and to place the Java Heap above 4GB virtual address.
# This output file may be truncated or incomplete.
#
#  Out of Memory Error (virtualSpaceNode.cpp:110), pid=27144, tid=25372
#
# JRE version: OpenJDK Runtime Environment Temurin-17.0.7+7 (17.0.7+7) (build 17.0.7+7)
# Java VM: OpenJDK 64-Bit Server VM Temurin-17.0.7+7 (17.0.7+7, mixed mode, tiered, compressed oops, compressed class ptrs, g1 gc, windows-amd64)
# No core dump will be written. Minidumps are not enabled by default on client versions of Windows
#

---------------  S U M M A R Y ------------

Command Line: -Dfile.encoding=UTF-8 -XX:+ShowCodeDetailsInExceptionMessages employeManagement.Login

Host: Intel(R) Core(TM) i5-10300H CPU @ 2.50GHz, 8 cores, 7G,  Windows 11 , 64 bit Build 22000 (10.0.22000.2003)
Time: Sun Dec  3 22:39:55 2023 India Standard Time elapsed time: 0.628934 seconds (0d 0h 0m 0s)

---------------  T H R E A D  ---------------

Current thread (0x000001a7667fd060):  JavaThread "AWT-EventQueue-0" [_thread_in_vm, id=25372, stack(0x0000001d23d00000,0x0000001d23e00000)]

Stack: [0x0000001d23d00000,0x0000001d23e00000]
Native frames: (J=compiled Java code, j=interpreted, Vv=VM code, C=native code)
V  [jvm.dll+0x67754a]
V  [jvm.dll+0x834304]
V  [jvm.dll+0x835aae]
V  [jvm.dll+0x836113]
V  [jvm.dll+0x24696f]
V  [jvm.dll+0x83039b]
V  [jvm.dll+0x61c006]
V  [jvm.dll+0x61c06a]
V  [jvm.dll+0x61e89a]
V  [jvm.dll+0x61c9a6]
V  [jvm.dll+0x626887]
V  [jvm.dll+0x1eb47b]
V  [jvm.dll+0x1eb9b5]
V  [jvm.dll+0x1ec3ef]
V  [jvm.dll+0x1e1891]
V  [jvm.dll+0x53ea50]
V  [jvm.dll+0x1f2067]
V  [jvm.dll+0x7af05b]
V  [jvm.dll+0x7b0402]
V  [jvm.dll+0x7b0738]
V  [jvm.dll+0x23ec6e]
V  [jvm.dll+0x23eebf]
V  [jvm.dll+0x55c0a8]
V  [jvm.dll+0x55ef57]
V  [jvm.dll+0x384a64]
V  [jvm.dll+0x3840cf]
C  0x000001a7572fa443

Java frames: (J=compiled Java code, j=interpreted, Vv=VM code)
j  sun.awt.windows.WToolkit.getDefaultKeyboardLocale()Ljava/util/Locale;+0 java.desktop@17.0.7
j  sun.awt.im.ExecutableInputMethodManager.getDefaultKeyboardLocale()Ljava/util/Locale;+15 java.desktop@17.0.7
j  sun.awt.im.InputContext.<init>()V+66 java.desktop@17.0.7
j  sun.awt.im.InputMethodContext.<init>()V+1 java.desktop@17.0.7
j  java.awt.im.InputContext.getInstance()Ljava/awt/im/InputContext;+4 java.desktop@17.0.7
j  java.awt.Window.getInputContext()Ljava/awt/im/InputContext;+15 java.desktop@17.0.7
j  java.awt.Component.getInputContext()Ljava/awt/im/InputContext;+12 java.desktop@17.0.7
j  java.awt.Component.getInputContext()Ljava/awt/im/InputContext;+12 java.desktop@17.0.7
j  java.awt.Component.getInputContext()Ljava/awt/im/InputContext;+12 java.desktop@17.0.7
j  java.awt.Component.getInputContext()Ljava/awt/im/InputContext;+12 java.desktop@17.0.7
j  java.awt.Component.dispatchEventImpl(Ljava/awt/AWTEvent;)V+295 java.desktop@17.0.7
j  java.awt.Container.dispatchEventImpl(Ljava/awt/AWTEvent;)V+42 java.desktop@17.0.7
j  java.awt.Component.dispatchEvent(Ljava/awt/AWTEvent;)V+2 java.desktop@17.0.7
j  java.awt.LightweightDispatcher.retargetMouseEvent(Ljava/awt/Component;ILjava/awt/event/MouseEvent;)V+349 java.desktop@17.0.7
j  java.awt.LightweightDispatcher.retargetMouseEnterExit(Ljava/awt/Component;Ljava/awt/event/MouseEvent;Ljava/awt/Component;Z)Ljava/awt/Component;+61 java.desktop@17.0.7
j  java.awt.LightweightDispatcher.trackMouseEnterExit(Ljava/awt/Component;Ljava/awt/event/MouseEvent;)V+92 java.desktop@17.0.7
j  java.awt.LightweightDispatcher.processMouseEvent(Ljava/awt/event/MouseEvent;)Z+25 java.desktop@17.0.7
j  java.awt.LightweightDispatcher.dispatchEvent(Ljava/awt/AWTEvent;)Z+50 java.desktop@17.0.7
j  java.awt.Container.dispatchEventImpl(Ljava/awt/AWTEvent;)V+12 java.desktop@17.0.7
j  java.awt.Window.dispatchEventImpl(Ljava/awt/AWTEvent;)V+19 java.desktop@17.0.7
j  java.awt.Component.dispatchEvent(Ljava/awt/AWTEvent;)V+2 java.desktop@17.0.7
j  java.awt.EventQueue.dispatchEventImpl(Ljava/awt/AWTEvent;Ljava/lang/Object;)V+41 java.desktop@17.0.7
j  java.awt.EventQueue$4.run()Ljava/lang/Void;+32 java.desktop@17.0.7
j  java.awt.EventQueue$4.run()Ljava/lang/Object;+1 java.desktop@17.0.7
J 606 c1 java.security.AccessController.doPrivileged(Ljava/security/PrivilegedAction;Ljava/security/AccessControlContext;)Ljava/lang/Object; java.base@17.0.7 (17 bytes) @ 0x000001a74fe9c9d4 [0x000001a74fe9c800+0x00000000000001d4]
j  java.security.ProtectionDomain$JavaSecurityAccessImpl.doIntersectionPrivilege(Ljava/security/PrivilegedAction;Ljava/security/AccessControlContext;Ljava/security/AccessControlContext;)Ljava/lang/Object;+18 java.base@17.0.7
j  java.security.ProtectionDomain$JavaSecurityAccessImpl.doIntersectionPrivilege(Ljava/security/PrivilegedAction;Ljava/security/AccessControlContext;)Ljava/lang/Object;+6 java.base@17.0.7
j  java.awt.EventQueue$5.run()Ljava/lang/Void;+11 java.desktop@17.0.7
j  java.awt.EventQueue$5.run()Ljava/lang/Object;+1 java.desktop@17.0.7
J 606 c1 java.security.AccessController.doPrivileged(Ljava/security/PrivilegedAction;Ljava/security/AccessControlContext;)Ljava/lang/Object; java.base@17.0.7 (17 bytes) @ 0x000001a74fe9c9d4 [0x000001a74fe9c800+0x00000000000001d4]
j  java.security.ProtectionDomain$JavaSecurityAccessImpl.doIntersectionPrivilege(Ljava/security/PrivilegedAction;Ljava/security/AccessControlContext;Ljava/security/AccessControlContext;)Ljava/lang/Object;+18 java.base@17.0.7
j  java.awt.EventQueue.dispatchEvent(Ljava/awt/AWTEvent;)V+73 java.desktop@17.0.7
j  java.awt.EventDispatchThread.pumpOneEventForFilters(I)V+78 java.desktop@17.0.7
j  java.awt.EventDispatchThread.pumpEventsForFilter(ILjava/awt/Conditional;Ljava/awt/EventFilter;)V+35 java.desktop@17.0.7
j  java.awt.EventDispatchThread.pumpEventsForHierarchy(ILjava/awt/Conditional;Ljava/awt/Component;)V+11 java.desktop@17.0.7
j  java.awt.EventDispatchThread.pumpEvents(ILjava/awt/Conditional;)V+4 java.desktop@17.0.7
j  java.awt.EventDispatchThread.pumpEvents(Ljava/awt/Conditional;)V+3 java.desktop@17.0.7
j  java.awt.EventDispatchThread.run()V+9 java.desktop@17.0.7
v  ~StubRoutines::call_stub

---------------  P R O C E S S  ---------------

Threads class SMR info:
_java_thread_list=0x000001a76b1f4d90, length=17, elements={
0x000001a766638fb0, 0x000001a766639a70, 0x000001a766676df0, 0x000001a766688420,
0x000001a7666888f0, 0x000001a7666946c0, 0x000001a7666952b0, 0x000001a766695c60,
0x000001a7666a6d20, 0x000001a7667ff6e0, 0x000001a7667fded0, 0x000001a766800550,
0x000001a7667fcb90, 0x000001a7667ffbb0, 0x000001a7667ff210, 0x000001a7667fd060,
0x000001a7667fe870
}

Java Threads: ( => current thread )
  0x000001a766638fb0 JavaThread "Reference Handler" daemon [_thread_blocked, id=26628, stack(0x0000001d22d00000,0x0000001d22e00000)]
  0x000001a766639a70 JavaThread "Finalizer" daemon [_thread_blocked, id=27400, stack(0x0000001d22e00000,0x0000001d22f00000)]
  0x000001a766676df0 JavaThread "Signal Dispatcher" daemon [_thread_blocked, id=18772, stack(0x0000001d22f00000,0x0000001d23000000)]
  0x000001a766688420 JavaThread "Attach Listener" daemon [_thread_blocked, id=17108, stack(0x0000001d23000000,0x0000001d23100000)]
  0x000001a7666888f0 JavaThread "Service Thread" daemon [_thread_blocked, id=22624, stack(0x0000001d23100000,0x0000001d23200000)]
  0x000001a7666946c0 JavaThread "Monitor Deflation Thread" daemon [_thread_blocked, id=28232, stack(0x0000001d23200000,0x0000001d23300000)]
  0x000001a7666952b0 JavaThread "C2 CompilerThread0" daemon [_thread_blocked, id=17864, stack(0x0000001d23300000,0x0000001d23400000)]
  0x000001a766695c60 JavaThread "C1 CompilerThread0" daemon [_thread_blocked, id=28360, stack(0x0000001d23400000,0x0000001d23500000)]
  0x000001a7666a6d20 JavaThread "Sweeper thread" daemon [_thread_blocked, id=27104, stack(0x0000001d23500000,0x0000001d23600000)]
  0x000001a7667ff6e0 JavaThread "Notification Thread" daemon [_thread_blocked, id=26068, stack(0x0000001d23600000,0x0000001d23700000)]
  0x000001a7667fded0 JavaThread "Common-Cleaner" daemon [_thread_blocked, id=14044, stack(0x0000001d23800000,0x0000001d23900000)]
  0x000001a766800550 JavaThread "Java2D Disposer" daemon [_thread_blocked, id=2888, stack(0x0000001d23900000,0x0000001d23a00000)]
  0x000001a7667fcb90 JavaThread "AWT-Shutdown" [_thread_blocked, id=26008, stack(0x0000001d23a00000,0x0000001d23b00000)]
  0x000001a7667ffbb0 JavaThread "AWT-Windows" daemon [_thread_in_native, id=26484, stack(0x0000001d23b00000,0x0000001d23c00000)]
  0x000001a7667ff210 JavaThread "Image Fetcher 0" daemon [_thread_blocked, id=14288, stack(0x0000001d23c00000,0x0000001d23d00000)]
=>0x000001a7667fd060 JavaThread "AWT-EventQueue-0" [_thread_in_vm, id=25372, stack(0x0000001d23d00000,0x0000001d23e00000)]
  0x000001a7667fe870 JavaThread "DestroyJavaVM" [_thread_blocked, id=7016, stack(0x0000001d22600000,0x0000001d22700000)]

Other Threads:
  0x000001a766635960 VMThread "VM Thread" [stack: 0x0000001d22c00000,0x0000001d22d00000] [id=25588]
  0x000001a74c762d70 WatcherThread [stack: 0x0000001d23700000,0x0000001d23800000] [id=2612]
  0x000001a74c746630 GCTaskThread "GC Thread#0" [stack: 0x0000001d22700000,0x0000001d22800000] [id=25364]
  0x000001a74c757170 ConcurrentGCThread "G1 Main Marker" [stack: 0x0000001d22800000,0x0000001d22900000] [id=28348]
  0x000001a74c7595f0 ConcurrentGCThread "G1 Conc#0" [stack: 0x0000001d22900000,0x0000001d22a00000] [id=27292]
  0x000001a76648c520 ConcurrentGCThread "G1 Refine#0" [stack: 0x0000001d22a00000,0x0000001d22b00000] [id=16900]
  0x000001a74c7be1d0 ConcurrentGCThread "G1 Service" [stack: 0x0000001d22b00000,0x0000001d22c00000] [id=25544]

Threads with active compile tasks:

VM state: not at safepoint (normal execution)

VM Mutex/Monitor currently owned by a thread:  ([mutex/lock_event])
[0x000001a74c6e41f0] Metaspace_lock - owner thread: 0x000001a7667fd060

Heap address: 0x0000000082000000, size: 2016 MB, Compressed Oops mode: 32-bit

CDS archive(s) not mapped
Compressed class space mapped at: 0x0000000100000000-0x0000000140000000, reserved size: 1073741824
Narrow klass base: 0x0000000000000000, Narrow klass shift: 3, Narrow klass range: 0x140000000

GC Precious Log:
 CPUs: 8 total, 8 available
 Memory: 8059M
 Large Page Support: Disabled
 NUMA Support: Disabled
 Compressed Oops: Enabled (32-bit)
 Heap Region Size: 1M
 Heap Min Capacity: 8M
 Heap Initial Capacity: 126M
 Heap Max Capacity: 2016M
 Pre-touch: Disabled
 Parallel Workers: 8
 Concurrent Workers: 2
 Concurrent Refinement Workers: 8
 Periodic GC: Disabled

Heap:
 garbage-first heap   total 129024K, used 12288K [0x0000000082000000, 0x0000000100000000)
  region size 1024K, 10 young (10240K), 0 survivors (0K)
 Metaspace       used 14660K, committed 14784K, reserved 1114112K
  class space    used 1496K, committed 1536K, reserved 1048576K

Heap Regions: E=young(eden), S=young(survivor), O=old, HS=humongous(starts), HC=humongous(continues), CS=collection set, F=free, OA=open archive, CA=closed archive, TAMS=top-at-mark-start (previous, next)
|   0|0x0000000082000000, 0x0000000082100000, 0x0000000082100000|100%|HS|  |TAMS 0x0000000082000000, 0x0000000082000000| Complete 
|   1|0x0000000082100000, 0x0000000082200000, 0x0000000082200000|100%|HC|  |TAMS 0x0000000082100000, 0x0000000082100000| Complete 
|   2|0x0000000082200000, 0x0000000082300000, 0x0000000082300000|100%|HS|  |TAMS 0x0000000082200000, 0x0000000082200000| Complete 
|   3|0x0000000082300000, 0x0000000082300000, 0x0000000082400000|  0%| F|  |TAMS 0x0000000082300000, 0x0000000082300000| Untracked 
|   4|0x0000000082400000, 0x0000000082400000, 0x0000000082500000|  0%| F|  |TAMS 0x0000000082400000, 0x0000000082400000| Untracked 
|   5|0x0000000082500000, 0x0000000082500000, 0x0000000082600000|  0%| F|  |TAMS 0x0000000082500000, 0x0000000082500000| Untracked 
|   6|0x0000000082600000, 0x0000000082600000, 0x0000000082700000|  0%| F|  |TAMS 0x0000000082600000, 0x0000000082600000| Untracked 
|   7|0x0000000082700000, 0x0000000082700000, 0x0000000082800000|  0%| F|  |TAMS 0x0000000082700000, 0x0000000082700000| Untracked 
|   8|0x0000000082800000, 0x0000000082800000, 0x0000000082900000|  0%| F|  |TAMS 0x0000000082800000, 0x0000000082800000| Untracked 
|   9|0x0000000082900000, 0x0000000082900000, 0x0000000082a00000|  0%| F|  |TAMS 0x0000000082900000, 0x0000000082900000| Untracked 
|  10|0x0000000082a00000, 0x0000000082a00000, 0x0000000082b00000|  0%| F|  |TAMS 0x0000000082a00000, 0x0000000082a00000| Untracked 
|  11|0x0000000082b00000, 0x0000000082b00000, 0x0000000082c00000|  0%| F|  |TAMS 0x0000000082b00000, 0x0000000082b00000| Untracked 
|  12|0x0000000082c00000, 0x0000000082c00000, 0x0000000082d00000|  0%| F|  |TAMS 0x0000000082c00000, 0x0000000082c00000| Untracked 
|  13|0x0000000082d00000, 0x0000000082d00000, 0x0000000082e00000|  0%| F|  |TAMS 0x0000000082d00000, 0x0000000082d00000| Untracked 
|  14|0x0000000082e00000, 0x0000000082e00000, 0x0000000082f00000|  0%| F|  |TAMS 0x0000000082e00000, 0x0000000082e00000| Untracked 
|  15|0x0000000082f00000, 0x0000000082f00000, 0x0000000083000000|  0%| F|  |TAMS 0x0000000082f00000, 0x0000000082f00000| Untracked 
|  16|0x0000000083000000, 0x0000000083000000, 0x0000000083100000|  0%| F|  |TAMS 0x0000000083000000, 0x0000000083000000| Untracked 
|  17|0x0000000083100000, 0x0000000083100000, 0x0000000083200000|  0%| F|  |TAMS 0x0000000083100000, 0x0000000083100000| Untracked 
|  18|0x0000000083200000, 0x0000000083200000, 0x0000000083300000|  0%| F|  |TAMS 0x0000000083200000, 0x0000000083200000| Untracked 
|  19|0x0000000083300000, 0x0000000083300000, 0x0000000083400000|  0%| F|  |TAMS 0x0000000083300000, 0x0000000083300000| Untracked 
|  20|0x0000000083400000, 0x0000000083400000, 0x0000000083500000|  0%| F|  |TAMS 0x0000000083400000, 0x0000000083400000| Untracked 
|  21|0x0000000083500000, 0x0000000083500000, 0x0000000083600000|  0%| F|  |TAMS 0x0000000083500000, 0x0000000083500000| Untracked 
|  22|0x0000000083600000, 0x0000000083600000, 0x0000000083700000|  0%| F|  |TAMS 0x0000000083600000, 0x0000000083600000| Untracked 
|  23|0x0000000083700000, 0x0000000083700000, 0x0000000083800000|  0%| F|  |TAMS 0x0000000083700000, 0x0000000083700000| Untracked 
|  24|0x0000000083800000, 0x0000000083800000, 0x0000000083900000|  0%| F|  |TAMS 0x0000000083800000, 0x0000000083800000| Untracked 
|  25|0x0000000083900000, 0x0000000083900000, 0x0000000083a00000|  0%| F|  |TAMS 0x0000000083900000, 0x0000000083900000| Untracked 
|  26|0x0000000083a00000, 0x0000000083a00000, 0x0000000083b00000|  0%| F|  |TAMS 0x0000000083a00000, 0x0000000083a00000| Untracked 
|  27|0x0000000083b00000, 0x0000000083b00000, 0x0000000083c00000|  0%| F|  |TAMS 0x0000000083b00000, 0x0000000083b00000| Untracked 
|  28|0x0000000083c00000, 0x0000000083c00000, 0x0000000083d00000|  0%| F|  |TAMS 0x0000000083c00000, 0x0000000083c00000| Untracked 
|  29|0x0000000083d00000, 0x0000000083d00000, 0x0000000083e00000|  0%| F|  |TAMS 0x0000000083d00000, 0x0000000083d00000| Untracked 
|  30|0x0000000083e00000, 0x0000000083e00000, 0x0000000083f00000|  0%| F|  |TAMS 0x0000000083e00000, 0x0000000083e00000| Untracked 
|  31|0x0000000083f00000, 0x0000000083f00000, 0x0000000084000000|  0%| F|  |TAMS 0x0000000083f00000, 0x0000000083f00000| Untracked 
|  32|0x0000000084000000, 0x0000000084000000, 0x0000000084100000|  0%| F|  |TAMS 0x0000000084000000, 0x0000000084000000| Untracked 
|  33|0x0000000084100000, 0x0000000084100000, 0x0000000084200000|  0%| F|  |TAMS 0x0000000084100000, 0x0000000084100000| Untracked 
|  34|0x0000000084200000, 0x0000000084200000, 0x0000000084300000|  0%| F|  |TAMS 0x0000000084200000, 0x0000000084200000| Untracked 
|  35|0x0000000084300000, 0x0000000084300000, 0x0000000084400000|  0%| F|  |TAMS 0x0000000084300000, 0x0000000084300000| Untracked 
|  36|0x0000000084400000, 0x0000000084400000, 0x0000000084500000|  0%| F|  |TAMS 0x0000000084400000, 0x0000000084400000| Untracked 
|  37|0x0000000084500000, 0x0000000084500000, 0x0000000084600000|  0%| F|  |TAMS 0x0000000084500000, 0x0000000084500000| Untracked 
|  38|0x0000000084600000, 0x0000000084600000, 0x0000000084700000|  0%| F|  |TAMS 0x0000000084600000, 0x0000000084600000| Untracked 
|  39|0x0000000084700000, 0x0000000084700000, 0x0000000084800000|  0%| F|  |TAMS 0x0000000084700000, 0x0000000084700000| Untracked 
|  40|0x0000000084800000, 0x0000000084800000, 0x0000000084900000|  0%| F|  |TAMS 0x0000000084800000, 0x0000000084800000| Untracked 
|  41|0x0000000084900000, 0x0000000084900000, 0x0000000084a00000|  0%| F|  |TAMS 0x0000000084900000, 0x0000000084900000| Untracked 
|  42|0x0000000084a00000, 0x0000000084a00000, 0x0000000084b00000|  0%| F|  |TAMS 0x0000000084a00000, 0x0000000084a00000| Untracked 
|  43|0x0000000084b00000, 0x0000000084b00000, 0x0000000084c00000|  0%| F|  |TAMS 0x0000000084b00000, 0x0000000084b00000| Untracked 
|  44|0x0000000084c00000, 0x0000000084c00000, 0x0000000084d00000|  0%| F|  |TAMS 0x0000000084c00000, 0x0000000084c00000| Untracked 
|  45|0x0000000084d00000, 0x0000000084d00000, 0x0000000084e00000|  0%| F|  |TAMS 0x0000000084d00000, 0x0000000084d00000| Untracked 
|  46|0x0000000084e00000, 0x0000000084e00000, 0x0000000084f00000|  0%| F|  |TAMS 0x0000000084e00000, 0x0000000084e00000| Untracked 
|  47|0x0000000084f00000, 0x0000000084f00000, 0x0000000085000000|  0%| F|  |TAMS 0x0000000084f00000, 0x0000000084f00000| Untracked 
|  48|0x0000000085000000, 0x0000000085000000, 0x0000000085100000|  0%| F|  |TAMS 0x0000000085000000, 0x0000000085000000| Untracked 
|  49|0x0000000085100000, 0x0000000085100000, 0x0000000085200000|  0%| F|  |TAMS 0x0000000085100000, 0x0000000085100000| Untracked 
|  50|0x0000000085200000, 0x0000000085200000, 0x0000000085300000|  0%| F|  |TAMS 0x0000000085200000, 0x0000000085200000| Untracked 
|  51|0x0000000085300000, 0x0000000085300000, 0x0000000085400000|  0%| F|  |TAMS 0x0000000085300000, 0x0000000085300000| Untracked 
|  52|0x0000000085400000, 0x0000000085400000, 0x0000000085500000|  0%| F|  |TAMS 0x0000000085400000, 0x0000000085400000| Untracked 
|  53|0x0000000085500000, 0x0000000085500000, 0x0000000085600000|  0%| F|  |TAMS 0x0000000085500000, 0x0000000085500000| Untracked 
|  54|0x0000000085600000, 0x0000000085600000, 0x0000000085700000|  0%| F|  |TAMS 0x0000000085600000, 0x0000000085600000| Untracked 
|  55|0x0000000085700000, 0x0000000085700000, 0x0000000085800000|  0%| F|  |TAMS 0x0000000085700000, 0x0000000085700000| Untracked 
|  56|0x0000000085800000, 0x0000000085800000, 0x0000000085900000|  0%| F|  |TAMS 0x0000000085800000, 0x0000000085800000| Untracked 
|  57|0x0000000085900000, 0x0000000085900000, 0x0000000085a00000|  0%| F|  |TAMS 0x0000000085900000, 0x0000000085900000| Untracked 
|  58|0x0000000085a00000, 0x0000000085a00000, 0x0000000085b00000|  0%| F|  |TAMS 0x0000000085a00000, 0x0000000085a00000| Untracked 
|  59|0x0000000085b00000, 0x0000000085b00000, 0x0000000085c00000|  0%| F|  |TAMS 0x0000000085b00000, 0x0000000085b00000| Untracked 
|  60|0x0000000085c00000, 0x0000000085c00000, 0x0000000085d00000|  0%| F|  |TAMS 0x0000000085c00000, 0x0000000085c00000| Untracked 
|  61|0x0000000085d00000, 0x0000000085d00000, 0x0000000085e00000|  0%| F|  |TAMS 0x0000000085d00000, 0x0000000085d00000| Untracked 
|  62|0x0000000085e00000, 0x0000000085e00000, 0x0000000085f00000|  0%| F|  |TAMS 0x0000000085e00000, 0x0000000085e00000| Untracked 
|  63|0x0000000085f00000, 0x0000000085f00000, 0x0000000086000000|  0%| F|  |TAMS 0x0000000085f00000, 0x0000000085f00000| Untracked 
|  64|0x0000000086000000, 0x0000000086000000, 0x0000000086100000|  0%| F|  |TAMS 0x0000000086000000, 0x0000000086000000| Untracked 
|  65|0x0000000086100000, 0x0000000086100000, 0x0000000086200000|  0%| F|  |TAMS 0x0000000086100000, 0x0000000086100000| Untracked 
|  66|0x0000000086200000, 0x0000000086200000, 0x0000000086300000|  0%| F|  |TAMS 0x0000000086200000, 0x0000000086200000| Untracked 
|  67|0x0000000086300000, 0x0000000086300000, 0x0000000086400000|  0%| F|  |TAMS 0x0000000086300000, 0x0000000086300000| Untracked 
|  68|0x0000000086400000, 0x0000000086400000, 0x0000000086500000|  0%| F|  |TAMS 0x0000000086400000, 0x0000000086400000| Untracked 
|  69|0x0000000086500000, 0x0000000086500000, 0x0000000086600000|  0%| F|  |TAMS 0x0000000086500000, 0x0000000086500000| Untracked 
|  70|0x0000000086600000, 0x0000000086600000, 0x0000000086700000|  0%| F|  |TAMS 0x0000000086600000, 0x0000000086600000| Untracked 
|  71|0x0000000086700000, 0x0000000086700000, 0x0000000086800000|  0%| F|  |TAMS 0x0000000086700000, 0x0000000086700000| Untracked 
|  72|0x0000000086800000, 0x0000000086800000, 0x0000000086900000|  0%| F|  |TAMS 0x0000000086800000, 0x0000000086800000| Untracked 
|  73|0x0000000086900000, 0x0000000086900000, 0x0000000086a00000|  0%| F|  |TAMS 0x0000000086900000, 0x0000000086900000| Untracked 
|  74|0x0000000086a00000, 0x0000000086a00000, 0x0000000086b00000|  0%| F|  |TAMS 0x0000000086a00000, 0x0000000086a00000| Untracked 
|  75|0x0000000086b00000, 0x0000000086b00000, 0x0000000086c00000|  0%| F|  |TAMS 0x0000000086b00000, 0x0000000086b00000| Untracked 
|  76|0x0000000086c00000, 0x0000000086c00000, 0x0000000086d00000|  0%| F|  |TAMS 0x0000000086c00000, 0x0000000086c00000| Untracked 
|  77|0x0000000086d00000, 0x0000000086d00000, 0x0000000086e00000|  0%| F|  |TAMS 0x0000000086d00000, 0x0000000086d00000| Untracked 
|  78|0x0000000086e00000, 0x0000000086e00000, 0x0000000086f00000|  0%| F|  |TAMS 0x0000000086e00000, 0x0000000086e00000| Untracked 
|  79|0x0000000086f00000, 0x0000000086f00000, 0x0000000087000000|  0%| F|  |TAMS 0x0000000086f00000, 0x0000000086f00000| Untracked 
|  80|0x0000000087000000, 0x0000000087000000, 0x0000000087100000|  0%| F|  |TAMS 0x0000000087000000, 0x0000000087000000| Untracked 
|  81|0x0000000087100000, 0x0000000087100000, 0x0000000087200000|  0%| F|  |TAMS 0x0000000087100000, 0x0000000087100000| Untracked 
|  82|0x0000000087200000, 0x0000000087200000, 0x0000000087300000|  0%| F|  |TAMS 0x0000000087200000, 0x0000000087200000| Untracked 
|  83|0x0000000087300000, 0x0000000087300000, 0x0000000087400000|  0%| F|  |TAMS 0x0000000087300000, 0x0000000087300000| Untracked 
|  84|0x0000000087400000, 0x0000000087400000, 0x0000000087500000|  0%| F|  |TAMS 0x0000000087400000, 0x0000000087400000| Untracked 
|  85|0x0000000087500000, 0x0000000087500000, 0x0000000087600000|  0%| F|  |TAMS 0x0000000087500000, 0x0000000087500000| Untracked 
|  86|0x0000000087600000, 0x0000000087600000, 0x0000000087700000|  0%| F|  |TAMS 0x0000000087600000, 0x0000000087600000| Untracked 
|  87|0x0000000087700000, 0x0000000087700000, 0x0000000087800000|  0%| F|  |TAMS 0x0000000087700000, 0x0000000087700000| Untracked 
|  88|0x0000000087800000, 0x0000000087800000, 0x0000000087900000|  0%| F|  |TAMS 0x0000000087800000, 0x0000000087800000| Untracked 
|  89|0x0000000087900000, 0x0000000087900000, 0x0000000087a00000|  0%| F|  |TAMS 0x0000000087900000, 0x0000000087900000| Untracked 
|  90|0x0000000087a00000, 0x0000000087a00000, 0x0000000087b00000|  0%| F|  |TAMS 0x0000000087a00000, 0x0000000087a00000| Untracked 
|  91|0x0000000087b00000, 0x0000000087b00000, 0x0000000087c00000|  0%| F|  |TAMS 0x0000000087b00000, 0x0000000087b00000| Untracked 
|  92|0x0000000087c00000, 0x0000000087c00000, 0x0000000087d00000|  0%| F|  |TAMS 0x0000000087c00000, 0x0000000087c00000| Untracked 
|  93|0x0000000087d00000, 0x0000000087d00000, 0x0000000087e00000|  0%| F|  |TAMS 0x0000000087d00000, 0x0000000087d00000| Untracked 
|  94|0x0000000087e00000, 0x0000000087e00000, 0x0000000087f00000|  0%| F|  |TAMS 0x0000000087e00000, 0x0000000087e00000| Untracked 
|  95|0x0000000087f00000, 0x0000000087f00000, 0x0000000088000000|  0%| F|  |TAMS 0x0000000087f00000, 0x0000000087f00000| Untracked 
|  96|0x0000000088000000, 0x0000000088000000, 0x0000000088100000|  0%| F|  |TAMS 0x0000000088000000, 0x0000000088000000| Untracked 
|  97|0x0000000088100000, 0x0000000088100000, 0x0000000088200000|  0%| F|  |TAMS 0x0000000088100000, 0x0000000088100000| Untracked 
|  98|0x0000000088200000, 0x0000000088200000, 0x0000000088300000|  0%| F|  |TAMS 0x0000000088200000, 0x0000000088200000| Untracked 
|  99|0x0000000088300000, 0x0000000088300000, 0x0000000088400000|  0%| F|  |TAMS 0x0000000088300000, 0x0000000088300000| Untracked 
| 100|0x0000000088400000, 0x0000000088400000, 0x0000000088500000|  0%| F|  |TAMS 0x0000000088400000, 0x0000000088400000| Untracked 
| 101|0x0000000088500000, 0x0000000088500000, 0x0000000088600000|  0%| F|  |TAMS 0x0000000088500000, 0x0000000088500000| Untracked 
| 102|0x0000000088600000, 0x0000000088600000, 0x0000000088700000|  0%| F|  |TAMS 0x0000000088600000, 0x0000000088600000| Untracked 
| 103|0x0000000088700000, 0x0000000088700000, 0x0000000088800000|  0%| F|  |TAMS 0x0000000088700000, 0x0000000088700000| Untracked 
| 104|0x0000000088800000, 0x0000000088800000, 0x0000000088900000|  0%| F|  |TAMS 0x0000000088800000, 0x0000000088800000| Untracked 
| 105|0x0000000088900000, 0x0000000088900000, 0x0000000088a00000|  0%| F|  |TAMS 0x0000000088900000, 0x0000000088900000| Untracked 
| 106|0x0000000088a00000, 0x0000000088a00000, 0x0000000088b00000|  0%| F|  |TAMS 0x0000000088a00000, 0x0000000088a00000| Untracked 
| 107|0x0000000088b00000, 0x0000000088b00000, 0x0000000088c00000|  0%| F|  |TAMS 0x0000000088b00000, 0x0000000088b00000| Untracked 
| 108|0x0000000088c00000, 0x0000000088c00000, 0x0000000088d00000|  0%| F|  |TAMS 0x0000000088c00000, 0x0000000088c00000| Untracked 
| 109|0x0000000088d00000, 0x0000000088d00000, 0x0000000088e00000|  0%| F|  |TAMS 0x0000000088d00000, 0x0000000088d00000| Untracked 
| 110|0x0000000088e00000, 0x0000000088e00000, 0x0000000088f00000|  0%| F|  |TAMS 0x0000000088e00000, 0x0000000088e00000| Untracked 
| 111|0x0000000088f00000, 0x0000000088f00000, 0x0000000089000000|  0%| F|  |TAMS 0x0000000088f00000, 0x0000000088f00000| Untracked 
| 112|0x0000000089000000, 0x0000000089000000, 0x0000000089100000|  0%| F|  |TAMS 0x0000000089000000, 0x0000000089000000| Untracked 
| 113|0x0000000089100000, 0x0000000089100000, 0x0000000089200000|  0%| F|  |TAMS 0x0000000089100000, 0x0000000089100000| Untracked 
| 114|0x0000000089200000, 0x0000000089200000, 0x0000000089300000|  0%| F|  |TAMS 0x0000000089200000, 0x0000000089200000| Untracked 
| 115|0x0000000089300000, 0x0000000089300000, 0x0000000089400000|  0%| F|  |TAMS 0x0000000089300000, 0x0000000089300000| Untracked 
| 116|0x0000000089400000, 0x00000000894eda40, 0x0000000089500000| 92%| E|  |TAMS 0x0000000089400000, 0x0000000089400000| Complete 
| 117|0x0000000089500000, 0x0000000089600000, 0x0000000089600000|100%| E|CS|TAMS 0x0000000089500000, 0x0000000089500000| Complete 
| 118|0x0000000089600000, 0x0000000089700000, 0x0000000089700000|100%| E|CS|TAMS 0x0000000089600000, 0x0000000089600000| Complete 
| 119|0x0000000089700000, 0x0000000089800000, 0x0000000089800000|100%| E|CS|TAMS 0x0000000089700000, 0x0000000089700000| Complete 
| 120|0x0000000089800000, 0x0000000089900000, 0x0000000089900000|100%| E|CS|TAMS 0x0000000089800000, 0x0000000089800000| Complete 
| 121|0x0000000089900000, 0x0000000089a00000, 0x0000000089a00000|100%| E|CS|TAMS 0x0000000089900000, 0x0000000089900000| Complete 
| 122|0x0000000089a00000, 0x0000000089b00000, 0x0000000089b00000|100%| E|CS|TAMS 0x0000000089a00000, 0x0000000089a00000| Complete 
| 123|0x0000000089b00000, 0x0000000089c00000, 0x0000000089c00000|100%| E|CS|TAMS 0x0000000089b00000, 0x0000000089b00000| Complete 
| 124|0x0000000089c00000, 0x0000000089d00000, 0x0000000089d00000|100%| E|CS|TAMS 0x0000000089c00000, 0x0000000089c00000| Complete 
| 125|0x0000000089d00000, 0x0000000089e00000, 0x0000000089e00000|100%| E|CS|TAMS 0x0000000089d00000, 0x0000000089d00000| Complete 

Card table byte_map: [0x000001a75f4d0000,0x000001a75f8c0000] _byte_map_base: 0x000001a75f0c0000

Marking Bits (Prev, Next): (CMBitMap*) 0x000001a74c746c40, (CMBitMap*) 0x000001a74c746c80
 Prev Bits: [0x000001a75fcb0000, 0x000001a761c30000)
 Next Bits: [0x000001a761c30000, 0x000001a763bb0000)

Polling page: 0x000001a74a700000

Metaspace:

Usage:
  Non-class:     12.86 MB used.
      Class:      1.46 MB used.
       Both:     14.32 MB used.

Virtual space:
  Non-class space:       64.00 MB reserved,      12.94 MB ( 20%) committed,  1 nodes.
      Class space:        1.00 GB reserved,       1.50 MB ( <1%) committed,  1 nodes.
             Both:        1.06 GB reserved,      14.44 MB (  1%) committed. 

Chunk freelists:
   Non-Class:  2.99 MB
       Class:  14.50 MB
        Both:  17.49 MB

MaxMetaspaceSize: unlimited
CompressedClassSpaceSize: 1.00 GB
Initial GC threshold: 21.00 MB
Current GC threshold: 21.00 MB
CDS: off
MetaspaceReclaimPolicy: balanced
 - commit_granule_bytes: 65536.
 - commit_granule_words: 8192.
 - virtual_space_node_default_size: 8388608.
 - enlarge_chunks_in_place: 1.
 - new_chunks_are_fully_committed: 0.
 - uncommit_free_chunks: 1.
 - use_allocation_guard: 0.
 - handle_deallocations: 1.


Internal statistics:

num_allocs_failed_limit: 0.
num_arena_births: 118.
num_arena_deaths: 0.
num_vsnodes_births: 2.
num_vsnodes_deaths: 0.
num_space_committed: 231.
num_space_uncommitted: 0.
num_chunks_returned_to_freelist: 0.
num_chunks_taken_from_freelist: 172.
num_chunk_merges: 0.
num_chunk_splits: 97.
num_chunks_enlarged: 55.
num_inconsistent_stats: 0.

CodeHeap 'non-profiled nmethods': size=120000Kb used=206Kb max_used=206Kb free=119793Kb
 bounds [0x000001a757880000, 0x000001a757af0000, 0x000001a75edb0000]
CodeHeap 'profiled nmethods': size=120000Kb used=1195Kb max_used=1195Kb free=118804Kb
 bounds [0x000001a74fdb0000, 0x000001a750020000, 0x000001a7572e0000]
CodeHeap 'non-nmethods': size=5760Kb used=1264Kb max_used=1267Kb free=4495Kb
 bounds [0x000001a7572e0000, 0x000001a757550000, 0x000001a757880000]
 total_blobs=1360 nmethods=769 adapters=504
 compilation: enabled
              stopped_count=0, restarted_count=0
 full_count=0

Compilation events (20 events):
Event: 0.614 Thread 0x000001a766695c60  759       3       jdk.internal.util.Preconditions::checkIndex (18 bytes)
Event: 0.614 Thread 0x000001a766695c60 nmethod 759 0x000001a74fed9390 code [0x000001a74fed9540, 0x000001a74fed96e8]
Event: 0.614 Thread 0x000001a766695c60  761       1       javax.swing.text.GapVector::getGapEnd (5 bytes)
Event: 0.614 Thread 0x000001a766695c60 nmethod 761 0x000001a7578b2990 code [0x000001a7578b2b20, 0x000001a7578b2bf8]
Event: 0.614 Thread 0x000001a766695c60  762       1       javax.swing.text.GapVector::getGapStart (5 bytes)
Event: 0.614 Thread 0x000001a766695c60 nmethod 762 0x000001a7578b2c90 code [0x000001a7578b2e20, 0x000001a7578b2ef8]
Event: 0.615 Thread 0x000001a766695c60  763       3       sun.nio.ch.FileChannelImpl::ensureOpen (16 bytes)
Event: 0.616 Thread 0x000001a766695c60 nmethod 763 0x000001a74fed9790 code [0x000001a74fed9940, 0x000001a74fed9bc8]
Event: 0.616 Thread 0x000001a766695c60  764       3       sun.nio.ch.FileChannelImpl::beginBlocking (12 bytes)
Event: 0.616 Thread 0x000001a766695c60 nmethod 764 0x000001a74fed9d10 code [0x000001a74fed9ec0, 0x000001a74feda028]
Event: 0.616 Thread 0x000001a766695c60  765   !   3       sun.nio.ch.NativeThreadSet::remove (50 bytes)
Event: 0.616 Thread 0x000001a766695c60 nmethod 765 0x000001a74feda110 code [0x000001a74feda2c0, 0x000001a74feda5a8]
Event: 0.616 Thread 0x000001a766695c60  767       1       java.util.EventObject::getSource (5 bytes)
Event: 0.616 Thread 0x000001a766695c60 nmethod 767 0x000001a7578b2f90 code [0x000001a7578b3120, 0x000001a7578b31f8]
Event: 0.616 Thread 0x000001a766695c60  766       1       java.awt.AWTEvent::getID (5 bytes)
Event: 0.616 Thread 0x000001a766695c60 nmethod 766 0x000001a7578b3290 code [0x000001a7578b3420, 0x000001a7578b34f8]
Event: 0.618 Thread 0x000001a766695c60  768       1       java.util.concurrent.locks.AbstractOwnableSynchronizer::getExclusiveOwnerThread (5 bytes)
Event: 0.618 Thread 0x000001a766695c60 nmethod 768 0x000001a7578b3590 code [0x000001a7578b3720, 0x000001a7578b37f8]
Event: 0.619 Thread 0x000001a766695c60  769       3       java.util.ArrayList::get (15 bytes)
Event: 0.619 Thread 0x000001a766695c60 nmethod 769 0x000001a74feda710 code [0x000001a74feda8e0, 0x000001a74fedac08]

GC Heap History (0 events):
No events

Dll operation events (9 events):
Event: 0.010 Loaded shared library C:\Users\Gourav\.p2\pool\plugins\org.eclipse.justj.openjdk.hotspot.jre.full.win32.x86_64_17.0.7.v20230425-1502\jre\bin\java.dll
Event: 0.147 Loaded shared library C:\Users\Gourav\.p2\pool\plugins\org.eclipse.justj.openjdk.hotspot.jre.full.win32.x86_64_17.0.7.v20230425-1502\jre\bin\jimage.dll
Event: 0.182 Loaded shared library C:\Users\Gourav\.p2\pool\plugins\org.eclipse.justj.openjdk.hotspot.jre.full.win32.x86_64_17.0.7.v20230425-1502\jre\bin\awt.dll
Event: 0.368 Loaded shared library C:\Users\Gourav\.p2\pool\plugins\org.eclipse.justj.openjdk.hotspot.jre.full.win32.x86_64_17.0.7.v20230425-1502\jre\bin\zip.dll
Event: 0.424 Loaded shared library C:\Users\Gourav\.p2\pool\plugins\org.eclipse.justj.openjdk.hotspot.jre.full.win32.x86_64_17.0.7.v20230425-1502\jre\bin\javajpeg.dll
Event: 0.474 Loaded shared library C:\Users\Gourav\.p2\pool\plugins\org.eclipse.justj.openjdk.hotspot.jre.full.win32.x86_64_17.0.7.v20230425-1502\jre\bin\freetype.dll
Event: 0.475 Loaded shared library C:\Users\Gourav\.p2\pool\plugins\org.eclipse.justj.openjdk.hotspot.jre.full.win32.x86_64_17.0.7.v20230425-1502\jre\bin\fontmanager.dll
Event: 0.578 Loaded shared library C:\Users\Gourav\.p2\pool\plugins\org.eclipse.justj.openjdk.hotspot.jre.full.win32.x86_64_17.0.7.v20230425-1502\jre\bin\net.dll
Event: 0.581 Loaded shared library C:\Users\Gourav\.p2\pool\plugins\org.eclipse.justj.openjdk.hotspot.jre.full.win32.x86_64_17.0.7.v20230425-1502\jre\bin\nio.dll

Deoptimization events (20 events):
Event: 0.483 Thread 0x000001a74c6eab40 Uncommon trap: trap_request=0xffffff45 fr.pc=0x000001a7578a59e8 relative=0x0000000000000368
Event: 0.483 Thread 0x000001a74c6eab40 Uncommon trap: reason=unstable_if action=reinterpret pc=0x000001a7578a59e8 method=java.lang.StringUTF16.compress([CI[BII)I @ 20 c2
Event: 0.483 Thread 0x000001a74c6eab40 DEOPT PACKING pc=0x000001a7578a59e8 sp=0x0000001d226fd2f0
Event: 0.483 Thread 0x000001a74c6eab40 DEOPT UNPACKING pc=0x000001a7573369a3 sp=0x0000001d226fd270 mode 2
Event: 0.490 Thread 0x000001a74c6eab40 Uncommon trap: trap_request=0xffffffc6 fr.pc=0x000001a7578ab9a4 relative=0x0000000000000a24
Event: 0.490 Thread 0x000001a74c6eab40 Uncommon trap: reason=bimorphic_or_optimized_type_check action=maybe_recompile pc=0x000001a7578ab9a4 method=java.util.HashMap.putVal(ILjava/lang/Object;Ljava/lang/Object;ZZ)Ljava/lang/Object; @ 152 c2
Event: 0.490 Thread 0x000001a74c6eab40 DEOPT PACKING pc=0x000001a7578ab9a4 sp=0x0000001d226fcad0
Event: 0.490 Thread 0x000001a74c6eab40 DEOPT UNPACKING pc=0x000001a7573369a3 sp=0x0000001d226fca50 mode 2
Event: 0.490 Thread 0x000001a74c6eab40 Uncommon trap: trap_request=0xffffffc6 fr.pc=0x000001a7578ab9a4 relative=0x0000000000000a24
Event: 0.490 Thread 0x000001a74c6eab40 Uncommon trap: reason=bimorphic_or_optimized_type_check action=maybe_recompile pc=0x000001a7578ab9a4 method=java.util.HashMap.putVal(ILjava/lang/Object;Ljava/lang/Object;ZZ)Ljava/lang/Object; @ 152 c2
Event: 0.490 Thread 0x000001a74c6eab40 DEOPT PACKING pc=0x000001a7578ab9a4 sp=0x0000001d226fcad0
Event: 0.490 Thread 0x000001a74c6eab40 DEOPT UNPACKING pc=0x000001a7573369a3 sp=0x0000001d226fca50 mode 2
Event: 0.490 Thread 0x000001a74c6eab40 Uncommon trap: trap_request=0xffffffc6 fr.pc=0x000001a7578ab9a4 relative=0x0000000000000a24
Event: 0.490 Thread 0x000001a74c6eab40 Uncommon trap: reason=bimorphic_or_optimized_type_check action=maybe_recompile pc=0x000001a7578ab9a4 method=java.util.HashMap.putVal(ILjava/lang/Object;Ljava/lang/Object;ZZ)Ljava/lang/Object; @ 152 c2
Event: 0.490 Thread 0x000001a74c6eab40 DEOPT PACKING pc=0x000001a7578ab9a4 sp=0x0000001d226fcad0
Event: 0.490 Thread 0x000001a74c6eab40 DEOPT UNPACKING pc=0x000001a7573369a3 sp=0x0000001d226fca50 mode 2
Event: 0.490 Thread 0x000001a74c6eab40 Uncommon trap: trap_request=0xffffffc6 fr.pc=0x000001a7578ab9a4 relative=0x0000000000000a24
Event: 0.490 Thread 0x000001a74c6eab40 Uncommon trap: reason=bimorphic_or_optimized_type_check action=maybe_recompile pc=0x000001a7578ab9a4 method=java.util.HashMap.putVal(ILjava/lang/Object;Ljava/lang/Object;ZZ)Ljava/lang/Object; @ 152 c2
Event: 0.490 Thread 0x000001a74c6eab40 DEOPT PACKING pc=0x000001a7578ab9a4 sp=0x0000001d226fcad0
Event: 0.490 Thread 0x000001a74c6eab40 DEOPT UNPACKING pc=0x000001a7573369a3 sp=0x0000001d226fca50 mode 2

Classes unloaded (0 events):
No events

Classes redefined (0 events):
No events

Internal exceptions (13 events):
Event: 0.170 Thread 0x000001a74c6eab40 Exception <a 'java/lang/ClassNotFoundException'{0x0000000089c41cb8}: sun/awt/resources/spi/awtProvider> (0x0000000089c41cb8) 
thrown [s\src\hotspot\share\classfile\systemDictionary.cpp, line 256]
Event: 0.198 Thread 0x000001a74c6eab40 Exception <a 'java/io/FileNotFoundException'{0x0000000089c9b9a8}> (0x0000000089c9b9a8) 
thrown [s\src\hotspot\share\prims\jni.cpp, line 516]
Event: 0.204 Thread 0x000001a74c6eab40 Exception <a 'java/io/FileNotFoundException'{0x0000000089cc8928}> (0x0000000089cc8928) 
thrown [s\src\hotspot\share\prims\jni.cpp, line 516]
Event: 0.247 Thread 0x000001a74c6eab40 Exception <a 'java/lang/NoSuchMethodError'{0x0000000089b1a228}: 'java.lang.Object java.lang.invoke.DirectMethodHandle$Holder.invokeStaticInit(java.lang.Object)'> (0x0000000089b1a228) 
thrown [s\src\hotspot\share\interpreter\linkResolver.cpp, line 759]
Event: 0.289 Thread 0x000001a74c6eab40 Exception <a 'java/lang/NoSuchMethodError'{0x0000000089b64048}: 'void java.lang.invoke.DirectMethodHandle$Holder.invokeSpecial(java.lang.Object, java.lang.Object, java.lang.Object)'> (0x0000000089b64048) 
thrown [s\src\hotspot\share\interpreter\linkResolver.cpp, line 759]
Event: 0.296 Thread 0x000001a74c6eab40 Exception <a 'java/lang/NoSuchMethodError'{0x0000000089a04648}: 'java.lang.Object java.lang.invoke.DirectMethodHandle$Holder.newInvokeSpecial(java.lang.Object, java.lang.Object, java.lang.Object, java.lang.Object, java.lang.Object)'> (0x0000000089a04648) 
thrown [s\src\hotspot\share\interpreter\linkResolver.cpp, line 759]
Event: 0.297 Thread 0x000001a74c6eab40 Exception <a 'java/lang/NoSuchMethodError'{0x0000000089a10100}: 'java.lang.Object java.lang.invoke.DirectMethodHandle$Holder.invokeStatic(java.lang.Object, int, java.lang.Object, java.lang.Object, java.lang.Object, java.lang.Object)'> (0x0000000089a10100) 
thrown [s\src\hotspot\share\interpreter\linkResolver.cpp, line 759]
Event: 0.301 Thread 0x000001a74c6eab40 Exception <a 'java/lang/NoSuchMethodError'{0x0000000089a358c0}: 'java.lang.Object java.lang.invoke.DirectMethodHandle$Holder.invokeStatic(java.lang.Object, int, java.lang.Object)'> (0x0000000089a358c0) 
thrown [s\src\hotspot\share\interpreter\linkResolver.cpp, line 759]
Event: 0.323 Thread 0x000001a74c6eab40 Exception <a 'java/lang/ClassNotFoundException'{0x0000000089aeda08}: com/sun/swing/internal/plaf/metal/resources/spi/metalProvider> (0x0000000089aeda08) 
thrown [s\src\hotspot\share\classfile\systemDictionary.cpp, line 256]
Event: 0.324 Thread 0x000001a74c6eab40 Exception <a 'java/lang/ClassNotFoundException'{0x0000000089af18e0}: com/sun/swing/internal/plaf/basic/resources/spi/basicProvider> (0x0000000089af18e0) 
thrown [s\src\hotspot\share\classfile\systemDictionary.cpp, line 256]
Event: 0.426 Thread 0x000001a7667ff210 Exception <a 'java/lang/NoSuchMethodError'{0x0000000089718c90}: 'java.lang.Object java.lang.invoke.DirectMethodHandle$Holder.newInvokeSpecial(java.lang.Object, java.lang.Object, java.lang.Object, int, int, int, int, int)'> (0x0000000089718c90) 
thrown [s\src\hotspot\share\interpreter\linkResolver.cpp, line 759]
Event: 0.454 Thread 0x000001a7667ffbb0 Exception <a 'java/lang/NoSuchMethodError'{0x0000000089b863a8}: 'void java.lang.invoke.DirectMethodHandle$Holder.invokeVirtual(java.lang.Object, java.lang.Object)'> (0x0000000089b863a8) 
thrown [s\src\hotspot\share\interpreter\linkResolver.cpp, line 759]
Event: 0.468 Thread 0x000001a74c6eab40 Exception <a 'java/lang/NoSuchMethodError'{0x0000000089953c60}: 'void java.lang.invoke.DirectMethodHandle$Holder.invokeStaticInit(java.lang.Object)'> (0x0000000089953c60) 
thrown [s\src\hotspot\share\interpreter\linkResolver.cpp, line 759]

VM Operations (12 events):
Event: 0.323 Executing VM operation: HandshakeAllThreads
Event: 0.323 Executing VM operation: HandshakeAllThreads done
Event: 0.347 Executing VM operation: HandshakeAllThreads
Event: 0.347 Executing VM operation: HandshakeAllThreads done
Event: 0.350 Executing VM operation: HandshakeAllThreads
Event: 0.350 Executing VM operation: HandshakeAllThreads done
Event: 0.489 Executing VM operation: HandshakeAllThreads
Event: 0.490 Executing VM operation: HandshakeAllThreads done
Event: 0.550 Executing VM operation: HandshakeAllThreads
Event: 0.550 Executing VM operation: HandshakeAllThreads done
Event: 0.572 Executing VM operation: HandshakeAllThreads
Event: 0.572 Executing VM operation: HandshakeAllThreads done

Events (20 events):
Event: 0.618 loading class java/awt/Container$MouseEventTargetFilter done
Event: 0.619 loading class java/awt/LightweightDispatcher$1
Event: 0.619 loading class java/awt/LightweightDispatcher$1 done
Event: 0.619 loading class java/awt/event/AWTEventListenerProxy
Event: 0.619 loading class java/awt/event/AWTEventListenerProxy done
Event: 0.619 loading class java/awt/Toolkit$SelectiveAWTEventListener
Event: 0.619 loading class java/awt/Toolkit$SelectiveAWTEventListener done
Event: 0.619 loading class java/awt/Toolkit$ToolkitEventMulticaster
Event: 0.619 loading class java/awt/Toolkit$ToolkitEventMulticaster done
Event: 0.620 loading class java/awt/im/InputContext
Event: 0.620 loading class java/awt/im/InputContext done
Event: 0.620 loading class sun/awt/im/InputMethodContext
Event: 0.620 loading class java/awt/im/spi/InputMethodContext
Event: 0.620 loading class java/awt/im/InputMethodRequests
Event: 0.620 loading class java/awt/im/InputMethodRequests done
Event: 0.620 loading class java/awt/im/spi/InputMethodContext done
Event: 0.620 loading class sun/awt/im/InputContext
Event: 0.621 loading class sun/awt/im/InputContext done
Event: 0.621 loading class sun/awt/im/InputMethodContext done
Event: 0.621 loading class sun/awt/windows/WInputMethod


Dynamic libraries:
0x00007ff726160000 - 0x00007ff72616e000 	C:\Users\Gourav\.p2\pool\plugins\org.eclipse.justj.openjdk.hotspot.jre.full.win32.x86_64_17.0.7.v20230425-1502\jre\bin\javaw.exe
0x00007ffcacca0000 - 0x00007ffcacea9000 	C:\WINDOWS\SYSTEM32\ntdll.dll
0x00007ffcac0a0000 - 0x00007ffcac15e000 	C:\WINDOWS\System32\KERNEL32.DLL
0x00007ffcaa5d0000 - 0x00007ffcaa954000 	C:\WINDOWS\System32\KERNELBASE.dll
0x00007ffcaa3a0000 - 0x00007ffcaa4b1000 	C:\WINDOWS\System32\ucrtbase.dll
0x00007ffc821e0000 - 0x00007ffc821f7000 	C:\Users\Gourav\.p2\pool\plugins\org.eclipse.justj.openjdk.hotspot.jre.full.win32.x86_64_17.0.7.v20230425-1502\jre\bin\jli.dll
0x00007ffc8c040000 - 0x00007ffc8c059000 	C:\Users\Gourav\.p2\pool\plugins\org.eclipse.justj.openjdk.hotspot.jre.full.win32.x86_64_17.0.7.v20230425-1502\jre\bin\VCRUNTIME140.dll
0x00007ffcab3e0000 - 0x00007ffcab58d000 	C:\WINDOWS\System32\USER32.dll
0x00007ffc92730000 - 0x00007ffc929d5000 	C:\WINDOWS\WinSxS\amd64_microsoft.windows.common-controls_6595b64144ccf1df_6.0.22000.120_none_9d947278b86cc467\COMCTL32.dll
0x00007ffcaa2b0000 - 0x00007ffcaa2d6000 	C:\WINDOWS\System32\win32u.dll
0x00007ffcac500000 - 0x00007ffcac5a3000 	C:\WINDOWS\System32\msvcrt.dll
0x00007ffcaab10000 - 0x00007ffcaab3a000 	C:\WINDOWS\System32\GDI32.dll
0x00007ffcaa9e0000 - 0x00007ffcaaaff000 	C:\WINDOWS\System32\gdi32full.dll
0x00007ffcaa530000 - 0x00007ffcaa5cd000 	C:\WINDOWS\System32\msvcp_win.dll
0x00007ffcaab40000 - 0x00007ffcaab71000 	C:\WINDOWS\System32\IMM32.DLL
0x00007ffc95d30000 - 0x00007ffc95d3c000 	C:\Users\Gourav\.p2\pool\plugins\org.eclipse.justj.openjdk.hotspot.jre.full.win32.x86_64_17.0.7.v20230425-1502\jre\bin\vcruntime140_1.dll
0x00007ffc7fb40000 - 0x00007ffc7fbd1000 	C:\Users\Gourav\.p2\pool\plugins\org.eclipse.justj.openjdk.hotspot.jre.full.win32.x86_64_17.0.7.v20230425-1502\jre\bin\msvcp140.dll
0x00007ffbe39d0000 - 0x00007ffbe4618000 	C:\Users\Gourav\.p2\pool\plugins\org.eclipse.justj.openjdk.hotspot.jre.full.win32.x86_64_17.0.7.v20230425-1502\jre\bin\server\jvm.dll
0x00007ffcacbb0000 - 0x00007ffcacc5f000 	C:\WINDOWS\System32\ADVAPI32.dll
0x00007ffcac750000 - 0x00007ffcac7ee000 	C:\WINDOWS\System32\sechost.dll
0x00007ffcab220000 - 0x00007ffcab341000 	C:\WINDOWS\System32\RPCRT4.dll
0x00007ffca2fd0000 - 0x00007ffca3003000 	C:\WINDOWS\SYSTEM32\WINMM.dll
0x00007ffbf3180000 - 0x00007ffbf3189000 	C:\WINDOWS\SYSTEM32\WSOCK32.dll
0x00007ffc9ee80000 - 0x00007ffc9ee8a000 	C:\WINDOWS\SYSTEM32\VERSION.dll
0x00007ffcacb40000 - 0x00007ffcacbaf000 	C:\WINDOWS\System32\WS2_32.dll
0x00007ffca92a0000 - 0x00007ffca92b8000 	C:\WINDOWS\SYSTEM32\kernel.appcore.dll
0x00007ffca5080000 - 0x00007ffca508a000 	C:\Users\Gourav\.p2\pool\plugins\org.eclipse.justj.openjdk.hotspot.jre.full.win32.x86_64_17.0.7.v20230425-1502\jre\bin\jimage.dll
0x00007ffca7c80000 - 0x00007ffca7ea1000 	C:\WINDOWS\SYSTEM32\DBGHELP.DLL
0x00007ffc8b8d0000 - 0x00007ffc8b901000 	C:\WINDOWS\SYSTEM32\dbgcore.DLL
0x00007ffcaa960000 - 0x00007ffcaa9df000 	C:\WINDOWS\System32\bcryptPrimitives.dll
0x00007ffc960b0000 - 0x00007ffc960d5000 	C:\Users\Gourav\.p2\pool\plugins\org.eclipse.justj.openjdk.hotspot.jre.full.win32.x86_64_17.0.7.v20230425-1502\jre\bin\java.dll
0x00007ffc8df40000 - 0x00007ffc8df58000 	C:\Users\Gourav\.p2\pool\plugins\org.eclipse.justj.openjdk.hotspot.jre.full.win32.x86_64_17.0.7.v20230425-1502\jre\bin\zip.dll
0x00007ffcab6d0000 - 0x00007ffcabe95000 	C:\WINDOWS\System32\SHELL32.dll
0x00007ffca81e0000 - 0x00007ffca8a44000 	C:\WINDOWS\SYSTEM32\windows.storage.dll
0x00007ffcac160000 - 0x00007ffcac4d6000 	C:\WINDOWS\System32\combase.dll
0x00007ffca8070000 - 0x00007ffca81d7000 	C:\WINDOWS\SYSTEM32\wintypes.dll
0x00007ffcaaba0000 - 0x00007ffcaac8a000 	C:\WINDOWS\System32\SHCORE.dll
0x00007ffcab590000 - 0x00007ffcab5ed000 	C:\WINDOWS\System32\shlwapi.dll
0x00007ffcaa070000 - 0x00007ffcaa091000 	C:\WINDOWS\SYSTEM32\profapi.dll
0x00007ffc5d110000 - 0x00007ffc5d29e000 	C:\Users\Gourav\.p2\pool\plugins\org.eclipse.justj.openjdk.hotspot.jre.full.win32.x86_64_17.0.7.v20230425-1502\jre\bin\awt.dll
0x00007ffcab5f0000 - 0x00007ffcab6c6000 	C:\WINDOWS\System32\OLEAUT32.dll
0x00007ffca6a90000 - 0x00007ffca6b22000 	C:\WINDOWS\SYSTEM32\apphelp.dll
0x00007ffca7840000 - 0x00007ffca786f000 	C:\WINDOWS\system32\DWMAPI.DLL
0x00007ffca7320000 - 0x00007ffca73cc000 	C:\WINDOWS\system32\uxtheme.dll
0x00007ffc70560000 - 0x00007ffc70661000 	C:\WINDOWS\system32\opengl32.dll
0x00007ffc704f0000 - 0x00007ffc7051d000 	C:\WINDOWS\SYSTEM32\GLU32.dll
0x00007ffca76c0000 - 0x00007ffca76f8000 	C:\WINDOWS\SYSTEM32\dxcore.dll
0x00007ffcaca20000 - 0x00007ffcacb3d000 	C:\WINDOWS\System32\MSCTF.dll
0x00007ffcac5b0000 - 0x00007ffcac74a000 	C:\WINDOWS\System32\ole32.dll
0x00007ffc963a0000 - 0x00007ffc963cd000 	C:\Users\Gourav\.p2\pool\plugins\org.eclipse.justj.openjdk.hotspot.jre.full.win32.x86_64_17.0.7.v20230425-1502\jre\bin\javajpeg.dll
0x00007ffc7cd60000 - 0x00007ffc7cde6000 	C:\Users\Gourav\.p2\pool\plugins\org.eclipse.justj.openjdk.hotspot.jre.full.win32.x86_64_17.0.7.v20230425-1502\jre\bin\freetype.dll
0x00007ffc5d400000 - 0x00007ffc5d4c5000 	C:\Users\Gourav\.p2\pool\plugins\org.eclipse.justj.openjdk.hotspot.jre.full.win32.x86_64_17.0.7.v20230425-1502\jre\bin\fontmanager.dll
0x00007ffcabff0000 - 0x00007ffcac09f000 	C:\WINDOWS\System32\clbcatq.dll
0x00007ffca0dd0000 - 0x00007ffca0f7e000 	C:\WINDOWS\SYSTEM32\WindowsCodecs.dll
0x00007ffc6f2f0000 - 0x00007ffc6f34d000 	C:\WINDOWS\system32\dataexchange.dll
0x00007ffca44d0000 - 0x00007ffca4736000 	C:\WINDOWS\system32\twinapi.appcore.dll
0x00007ffc90ec0000 - 0x00007ffc90fec000 	C:\WINDOWS\SYSTEM32\textinputframework.dll
0x00007ffc6d710000 - 0x00007ffc6db4f000 	C:\Windows\System32\uiautomationcore.dll
0x00007ffca9850000 - 0x00007ffca9879000 	C:\Windows\System32\USERENV.dll
0x00007ffc9aa60000 - 0x00007ffc9aac9000 	C:\Windows\System32\OLEACC.dll
0x00007ffc8dda0000 - 0x00007ffc8ddb9000 	C:\Users\Gourav\.p2\pool\plugins\org.eclipse.justj.openjdk.hotspot.jre.full.win32.x86_64_17.0.7.v20230425-1502\jre\bin\net.dll
0x00007ffca47e0000 - 0x00007ffca48f3000 	C:\WINDOWS\SYSTEM32\WINHTTP.dll
0x00007ffca9750000 - 0x00007ffca97b7000 	C:\WINDOWS\system32\mswsock.dll
0x00007ffc8c550000 - 0x00007ffc8c565000 	C:\Users\Gourav\.p2\pool\plugins\org.eclipse.justj.openjdk.hotspot.jre.full.win32.x86_64_17.0.7.v20230425-1502\jre\bin\nio.dll

dbghelp: loaded successfully - version: 4.0.5 - missing functions: none
symbol engine: initialized successfully - sym options: 0x614 - pdb path: .;C:\Users\Gourav\.p2\pool\plugins\org.eclipse.justj.openjdk.hotspot.jre.full.win32.x86_64_17.0.7.v20230425-1502\jre\bin;C:\WINDOWS\SYSTEM32;C:\WINDOWS\WinSxS\amd64_microsoft.windows.common-controls_6595b64144ccf1df_6.0.22000.120_none_9d947278b86cc467;C:\Users\Gourav\.p2\pool\plugins\org.eclipse.justj.openjdk.hotspot.jre.full.win32.x86_64_17.0.7.v20230425-1502\jre\bin\server

VM Arguments:
jvm_args: -Dfile.encoding=UTF-8 -XX:+ShowCodeDetailsInExceptionMessages 
java_command: employeManagement.Login
java_class_path (initial): C:\Users\Gourav\eclipse-workspace\Employe_Management_System\bin
Launcher Type: SUN_STANDARD

[Global flags]
     intx CICompilerCount                          = 4                                         {product} {ergonomic}
     uint ConcGCThreads                            = 2                                         {product} {ergonomic}
     uint G1ConcRefinementThreads                  = 8                                         {product} {ergonomic}
   size_t G1HeapRegionSize                         = 1048576                                   {product} {ergonomic}
    uintx GCDrainStackTargetSize                   = 64                                        {product} {ergonomic}
   size_t InitialHeapSize                          = 132120576                                 {product} {ergonomic}
   size_t MarkStackSize                            = 4194304                                   {product} {ergonomic}
   size_t MaxHeapSize                              = 2113929216                                {product} {ergonomic}
   size_t MaxNewSize                               = 1267728384                                {product} {ergonomic}
   size_t MinHeapDeltaBytes                        = 1048576                                   {product} {ergonomic}
   size_t MinHeapSize                              = 8388608                                   {product} {ergonomic}
    uintx NonNMethodCodeHeapSize                   = 5839372                                {pd product} {ergonomic}
    uintx NonProfiledCodeHeapSize                  = 122909434                              {pd product} {ergonomic}
    uintx ProfiledCodeHeapSize                     = 122909434                              {pd product} {ergonomic}
    uintx ReservedCodeCacheSize                    = 251658240                              {pd product} {ergonomic}
     bool SegmentedCodeCache                       = true                                      {product} {ergonomic}
     bool ShowCodeDetailsInExceptionMessages       = true                                   {manageable} {command line}
   size_t SoftMaxHeapSize                          = 2113929216                             {manageable} {ergonomic}
     bool UseCompressedClassPointers               = true                           {product lp64_product} {ergonomic}
     bool UseCompressedOops                        = true                           {product lp64_product} {ergonomic}
     bool UseG1GC                                  = true                                      {product} {ergonomic}
     bool UseLargePagesIndividualAllocation        = false                                  {pd product} {ergonomic}

Logging:
Log output configuration:
 #0: stdout all=warning uptime,level,tags
 #1: stderr all=off uptime,level,tags

Environment Variables:
PATH=C:/Users/Gourav/.p2/pool/plugins/org.eclipse.justj.openjdk.hotspot.jre.full.win32.x86_64_17.0.7.v20230425-1502/jre/bin/server;C:/Users/Gourav/.p2/pool/plugins/org.eclipse.justj.openjdk.hotspot.jre.full.win32.x86_64_17.0.7.v20230425-1502/jre/bin;C:\Python312\Scripts\;C:\Python312\;D:\python\Scripts\;D:\python\;C:\Program Files\Common Files\Oracle\Java\javapath;C:\Windows\system32;C:\Windows;C:\Windows\System32\Wbem;C:\Windows\System32\WindowsPowerShell\v1.0\;C:\Windows\System32\OpenSSH\;C:\Program Files (x86)\NVIDIA Corporation\PhysX\Common;C:\Program Files\NVIDIA Corporation\NVIDIA NvDLISR;C:\WINDOWS\system32;C:\WINDOWS;C:\WINDOWS\System32\Wbem;C:\WINDOWS\System32\WindowsPowerShell\v1.0\;C:\WINDOWS\System32\OpenSSH\;C:\Program Files\Git\cmd;C:\Program Files\Git\mingw64\bin;C:\Program Files\Git\usr\bin;C:\Program Files\Java\jdk-20\bin;C:\Program Files\nodejs\Nodejs\;C:\ProgramData\chocolatey\bin;C:\Program Files\MySQL\MySQL Shell 8.0\bin\;C:\Users\Gourav\AppData\Local\Microsoft\WindowsApps;C:\Users\Gourav\AppData\Local\Programs\Microsoft VS Code\bin;C:\Users\Gourav\AppData\Roaming\Microsoft\Windows\Start Menu\Programs\Python 3.10;D:\python;C:\Users\Gourav\AppData\Roaming\npm;C:\Users\Gourav\eclipse\jee-2023-06\eclipse;
USERNAME=Gourav
OS=Windows_NT
PROCESSOR_IDENTIFIER=Intel64 Family 6 Model 165 Stepping 2, GenuineIntel
TMP=C:\Users\Gourav\AppData\Local\Temp
TEMP=C:\Users\Gourav\AppData\Local\Temp



---------------  S Y S T E M  ---------------

OS:
 Windows 11 , 64 bit Build 22000 (10.0.22000.2003)
OS uptime: 0 days 10:58 hours

CPU: total 8 (initial active 8) (4 cores per cpu, 2 threads per core) family 6 model 165 stepping 2 microcode 0xea, cx8, cmov, fxsr, ht, mmx, 3dnowpref, sse, sse2, sse3, ssse3, sse4.1, sse4.2, popcnt, lzcnt, tsc, tscinvbit, avx, avx2, aes, erms, clmul, bmi1, bmi2, adx, fma, vzeroupper, clflush, clflushopt

Memory: 4k page, system-wide physical 8059M (283M free)
TotalPageFile size 32635M (AvailPageFile size 0M)
current process WorkingSet (physical memory assigned to process): 69M, peak: 69M
current process commit charge ("private bytes"): 218M, peak: 219M

vm_info: OpenJDK 64-Bit Server VM (17.0.7+7) for windows-amd64 JRE (17.0.7+7), built on Apr 18 2023 22:10:42 by "temurin" with MS VC++ 16.7 (VS2019)

END.
